Log file open, 12/29/19 00:44:39
LogWindows: Failed to load 'aqProf.dll' (GetLastError=126)
LogWindows: File 'aqProf.dll' does not exist
LogWindows: Failed to load 'VtuneApi.dll' (GetLastError=126)
LogWindows: File 'VtuneApi.dll' does not exist
LogWindows: Failed to load 'VtuneApi32e.dll' (GetLastError=126)
LogWindows: File 'VtuneApi32e.dll' does not exist
LogConsoleResponse: Display: Failed to find resolution value strings in scalability ini. Falling back to default.
LogInit: Display: Running engine for game: RealTimeGame
LogPlatformFile: Not using cached read wrapper
LogTaskGraph: Started task graph with 5 named threads and 35 total threads with 3 sets of task threads.
LogStats: Stats thread started at 0.178066
LogD3D11RHI: Loaded GFSDK_Aftermath_Lib.x64.dll
LogICUInternationalization: ICU TimeZone Detection - Raw Offset: +1:00, Platform Override: ''
LogPluginManager: Mounting plugin Paper2D
LogPluginManager: Mounting plugin AISupport
LogPluginManager: Mounting plugin LightPropagationVolume
LogPluginManager: Mounting plugin ActorLayerUtilities
LogPluginManager: Mounting plugin AnimationSharing
LogPluginManager: Mounting plugin CLionSourceCodeAccess
LogPluginManager: Mounting plugin CodeLiteSourceCodeAccess
LogPluginManager: Mounting plugin GitSourceControl
LogPluginManager: Mounting plugin KDevelopSourceCodeAccess
LogPluginManager: Mounting plugin NullSourceCodeAccess
LogPluginManager: Mounting plugin PerforceSourceControl
LogPluginManager: Mounting plugin PlasticSourceControl
LogPluginManager: Mounting plugin SubversionSourceControl
LogPluginManager: Mounting plugin UObjectPlugin
LogPluginManager: Mounting plugin VisualStudioCodeSourceCodeAccess
LogPluginManager: Mounting plugin VisualStudioSourceCodeAccess
LogPluginManager: Mounting plugin XCodeSourceCodeAccess
LogPluginManager: Mounting plugin AssetManagerEditor
LogPluginManager: Mounting plugin CryptoKeys
LogPluginManager: Mounting plugin CurveEditorTools
LogPluginManager: Mounting plugin DataValidation
LogPluginManager: Mounting plugin FacialAnimation
LogPluginManager: Mounting plugin GameplayTagsEditor
LogPluginManager: Mounting plugin MacGraphicsSwitching
LogPluginManager: Mounting plugin MaterialAnalyzer
LogPluginManager: Mounting plugin MobileLauncherProfileWizard
LogPluginManager: Mounting plugin PluginBrowser
LogPluginManager: Mounting plugin SpeedTreeImporter
LogPluginManager: Mounting plugin DatasmithContent
LogPluginManager: Mounting plugin VariantManagerContent
LogPluginManager: Mounting plugin AlembicImporter
LogPluginManager: Mounting plugin AutomationUtils
LogPluginManager: Mounting plugin BackChannel
LogPluginManager: Mounting plugin CharacterAI
LogPluginManager: Mounting plugin GeometryCache
LogPluginManager: Mounting plugin PlatformCrypto
LogPluginManager: Mounting plugin ProxyLODPlugin
LogPluginManager: Mounting plugin SkeletalReduction
LogPluginManager: Mounting plugin MagicLeap
LogPluginManager: Mounting plugin MagicLeapMedia
LogPluginManager: Mounting plugin MLSDK
LogPluginManager: Mounting plugin AndroidMedia
LogPluginManager: Mounting plugin AvfMedia
LogPluginManager: Mounting plugin ImgMedia
LogPluginManager: Mounting plugin MediaCompositing
LogPluginManager: Mounting plugin MediaPlayerEditor
LogPluginManager: Mounting plugin WebMMedia
LogPluginManager: Mounting plugin WmfMedia
LogPluginManager: Mounting plugin TcpMessaging
LogPluginManager: Mounting plugin UdpMessaging
LogPluginManager: Mounting plugin ActorSequence
LogPluginManager: Mounting plugin LevelSequenceEditor
LogPluginManager: Mounting plugin MatineeToLevelSequence
LogPluginManager: Mounting plugin NetcodeUnitTest
LogPluginManager: Mounting plugin NUTUnrealEngine4
LogPluginManager: Mounting plugin OnlineSubsystemGooglePlay
LogPluginManager: Mounting plugin OnlineSubsystemIOS
LogPluginManager: Mounting plugin OnlineSubsystem
LogPluginManager: Mounting plugin OnlineSubsystemNull
LogPluginManager: Mounting plugin OnlineSubsystemUtils
LogPluginManager: Mounting plugin LauncherChunkInstaller
LogPluginManager: Mounting plugin AndroidDeviceProfileSelector
LogPluginManager: Mounting plugin AndroidMoviePlayer
LogPluginManager: Mounting plugin AndroidPermission
LogPluginManager: Mounting plugin AppleImageUtils
LogPluginManager: Mounting plugin AppleMoviePlayer
LogPluginManager: Mounting plugin ArchVisCharacter
LogPluginManager: Mounting plugin AssetTags
LogPluginManager: Mounting plugin AudioCapture
LogPluginManager: Mounting plugin CableComponent
LogPluginManager: Mounting plugin CustomMeshComponent
LogPluginManager: Mounting plugin EditableMesh
LogPluginManager: Mounting plugin ExampleDeviceProfileSelector
LogPluginManager: Mounting plugin GoogleCloudMessaging
LogPluginManager: Mounting plugin IOSDeviceProfileSelector
LogPluginManager: Mounting plugin LinuxDeviceProfileSelector
LogPluginManager: Mounting plugin LocationServicesBPLibrary
LogPluginManager: Mounting plugin MobilePatchingUtils
LogPluginManager: Mounting plugin OculusVR
LogPluginManager: Mounting plugin PhysXVehicles
LogPluginManager: Mounting plugin PostSplashScreen
LogPluginManager: Mounting plugin ProceduralMeshComponent
LogPluginManager: Mounting plugin RuntimePhysXCooking
LogPluginManager: Mounting plugin SignificanceManager
LogPluginManager: Mounting plugin SteamVR
LogPluginManager: Mounting plugin WebMMoviePlayer
LogPluginManager: Mounting plugin WindowsMoviePlayer
LogPluginManager: Mounting plugin ScreenshotTools
LogInit: Using libcurl 7.55.1-DEV
LogInit:  - built for x86_64-pc-win32
LogInit:  - supports SSL with OpenSSL/1.1.1
LogInit:  - supports HTTP deflate (compression) using libz 1.2.8
LogInit:  - other features:
LogInit:      CURL_VERSION_SSL
LogInit:      CURL_VERSION_LIBZ
LogInit:      CURL_VERSION_IPV6
LogInit:      CURL_VERSION_ASYNCHDNS
LogInit:      CURL_VERSION_LARGEFILE
LogInit:      CURL_VERSION_IDN
LogInit:  CurlRequestOptions (configurable via config and command line):
LogInit:  - bVerifyPeer = true  - Libcurl will verify peer certificate
LogInit:  - bUseHttpProxy = false  - Libcurl will NOT use HTTP proxy
LogInit:  - bDontReuseConnections = false  - Libcurl will reuse connections
LogInit:  - MaxHostConnections = 16  - Libcurl will limit the number of connections to a host
LogInit:  - LocalHostAddr = Default
LogInit:  - BufferSize = 65536
LogOnline: OSS: Creating online subsystem instance for: NULL
LogInit: WinSock: version 1.1 (2.2), MaxSocks=32767, MaxUdp=65467
LogOnline: OSS: TryLoadSubsystemAndSetDefault: Loaded subsystem for module [NULL]
LogInit: Build: ++UE4+Release-4.24-CL-10757647
LogInit: Engine Version: 4.24.1-10757647+++UE4+Release-4.24
LogInit: Compatible Engine Version: 4.24.0-10570792+++UE4+Release-4.24
LogInit: Net CL: 10570792
LogInit: OS: Windows 10 (Release 1903) (), CPU: Intel(R) Core(TM) i7-8750H CPU @ 2.20GHz, GPU: Intel(R) UHD Graphics 630
LogInit: Compiled (64-bit): Dec 17 2019 02:08:03
LogInit: Compiled with Visual C++: 19.16.27032.01
LogInit: Build Configuration: Development
LogInit: Branch Name: ++UE4+Release-4.24
LogInit: Command Line: 
LogInit: Base Directory: D:/MisArchivos/UnrealEngine/UE_4.24/Engine/Binaries/Win64/
LogInit: Installed Engine Build: 1
LogDevObjectVersion: Number of dev versions registered: 25
LogDevObjectVersion:   Dev-Blueprints (B0D832E4-1F89-4F0D-ACCF-7EB736FD4AA2): 10
LogDevObjectVersion:   Dev-Build (E1C64328-A22C-4D53-A36C-8E866417BD8C): 0
LogDevObjectVersion:   Dev-Core (375EC13C-06E4-48FB-B500-84F0262A717E): 3
LogDevObjectVersion:   Dev-Editor (E4B068ED-F494-42E9-A231-DA0B2E46BB41): 37
LogDevObjectVersion:   Dev-Framework (CFFC743F-43B0-4480-9391-14DF171D2073): 36
LogDevObjectVersion:   Dev-Mobile (B02B49B5-BB20-44E9-A304-32B752E40360): 2
LogDevObjectVersion:   Dev-Networking (A4E4105C-59A1-49B5-A7C5-40C4547EDFEE): 0
LogDevObjectVersion:   Dev-Online (39C831C9-5AE6-47DC-9A44-9C173E1C8E7C): 0
LogDevObjectVersion:   Dev-Physics (78F01B33-EBEA-4F98-B9B4-84EACCB95AA2): 2
LogDevObjectVersion:   Dev-Platform (6631380F-2D4D-43E0-8009-CF276956A95A): 0
LogDevObjectVersion:   Dev-Rendering (12F88B9F-8875-4AFC-A67C-D90C383ABD29): 36
LogDevObjectVersion:   Dev-Sequencer (7B5AE74C-D270-4C10-A958-57980B212A5A): 11
LogDevObjectVersion:   Dev-VR (D7296918-1DD6-4BDD-9DE2-64A83CC13884): 2
LogDevObjectVersion:   Dev-LoadTimes (C2A15278-BFE7-4AFE-6C17-90FF531DF755): 1
LogDevObjectVersion:   Private-Geometry (6EACA3D4-40EC-4CC1-B786-8BED09428FC5): 3
LogDevObjectVersion:   Dev-AnimPhys (29E575DD-E0A3-4627-9D10-D276232CDCEA): 17
LogDevObjectVersion:   Dev-Anim (AF43A65D-7FD3-4947-9873-3E8ED9C1BB05): 2
LogDevObjectVersion:   Dev-ReflectionCapture (6B266CEC-1EC7-4B8F-A30B-E4D90942FC07): 1
LogDevObjectVersion:   Dev-Automation (0DF73D61-A23F-47EA-B727-89E90C41499A): 1
LogDevObjectVersion:   FortniteMain (601D1886-AC64-4F84-AA16-D3DE0DEAC7D6): 31
LogDevObjectVersion:   Dev-Enterprise (9DFFBCD6-494F-0158-E221-12823C92A888): 8
LogDevObjectVersion:   Dev-Niagara (F2AED0AC-9AFE-416F-8664-AA7FFA26D6FC): 1
LogDevObjectVersion:   Dev-Destruction (174F1F0B-B4C6-45A5-B13F-2EE8D0FB917D): 9
LogDevObjectVersion:   Dev-Physics-Ext (35F94A83-E258-406C-A318-09F59610247C): 8
LogDevObjectVersion:   Dev-CineCamera (B2E18506-4273-CFC2-A54E-F4BB758BBA07): 1
LogInit: Presizing for max 25165824 objects, including 0 objects not considered by GC, pre-allocating 0 bytes for permanent pool.
LogInit: Object subsystem initialized
LogConfig: Setting CVar [[con.DebugEarlyDefault:1]]
LogConfig: Setting CVar [[r.setres:1280x720]]
[2019.12.28-23.44.41:667][  0]LogConfig: Setting CVar [[r.VSync:0]]
[2019.12.28-23.44.41:667][  0]LogConfig: Setting CVar [[r.RHICmdBypass:0]]
[2019.12.28-23.44.41:667][  0]LogConfig: Applying CVar settings from Section [/Script/Engine.RendererSettings] File [D:/MiUsuario/Escritorio/EclipseStuff/tercero/SEV/- Propio/Unreal/1_unreal_rts/RealTimeGame/Saved/Config/Windows/Engine.ini]
[2019.12.28-23.44.41:667][  0]LogConfig: Setting CVar [[r.GPUCrashDebugging:0]]
[2019.12.28-23.44.41:667][  0]LogConfig: Applying CVar settings from Section [/Script/Engine.RendererOverrideSettings] File [D:/MiUsuario/Escritorio/EclipseStuff/tercero/SEV/- Propio/Unreal/1_unreal_rts/RealTimeGame/Saved/Config/Windows/Engine.ini]
[2019.12.28-23.44.41:667][  0]LogConfig: Applying CVar settings from Section [/Script/Engine.StreamingSettings] File [D:/MiUsuario/Escritorio/EclipseStuff/tercero/SEV/- Propio/Unreal/1_unreal_rts/RealTimeGame/Saved/Config/Windows/Engine.ini]
[2019.12.28-23.44.41:667][  0]LogConfig: Setting CVar [[s.MinBulkDataSizeForAsyncLoading:131072]]
[2019.12.28-23.44.41:667][  0]LogConfig: Setting CVar [[s.AsyncLoadingThreadEnabled:0]]
[2019.12.28-23.44.41:667][  0]LogConfig: Setting CVar [[s.EventDrivenLoaderEnabled:1]]
[2019.12.28-23.44.41:667][  0]LogConfig: Setting CVar [[s.WarnIfTimeLimitExceeded:0]]
[2019.12.28-23.44.41:667][  0]LogConfig: Setting CVar [[s.TimeLimitExceededMultiplier:1.5]]
[2019.12.28-23.44.41:667][  0]LogConfig: Setting CVar [[s.TimeLimitExceededMinTime:0.005]]
[2019.12.28-23.44.41:667][  0]LogConfig: Setting CVar [[s.UseBackgroundLevelStreaming:1]]
[2019.12.28-23.44.41:667][  0]LogConfig: Setting CVar [[s.PriorityAsyncLoadingExtraTime:15.0]]
[2019.12.28-23.44.41:667][  0]LogConfig: Setting CVar [[s.LevelStreamingActorsUpdateTimeLimit:5.0]]
[2019.12.28-23.44.41:668][  0]LogConfig: Setting CVar [[s.PriorityLevelStreamingActorsUpdateExtraTime:5.0]]
[2019.12.28-23.44.41:668][  0]LogConfig: Setting CVar [[s.LevelStreamingComponentsRegistrationGranularity:10]]
[2019.12.28-23.44.41:668][  0]LogConfig: Setting CVar [[s.UnregisterComponentsTimeLimit:1.0]]
[2019.12.28-23.44.41:668][  0]LogConfig: Setting CVar [[s.LevelStreamingComponentsUnregistrationGranularity:5]]
[2019.12.28-23.44.41:668][  0]LogConfig: Setting CVar [[s.FlushStreamingOnExit:1]]
[2019.12.28-23.44.41:668][  0]LogConfig: Applying CVar settings from Section [/Script/Engine.GarbageCollectionSettings] File [D:/MiUsuario/Escritorio/EclipseStuff/tercero/SEV/- Propio/Unreal/1_unreal_rts/RealTimeGame/Saved/Config/Windows/Engine.ini]
[2019.12.28-23.44.41:668][  0]LogConfig: Setting CVar [[gc.MaxObjectsNotConsideredByGC:1]]
[2019.12.28-23.44.41:668][  0]LogConfig: Setting CVar [[gc.SizeOfPermanentObjectPool:0]]
[2019.12.28-23.44.41:668][  0]LogConfig: Setting CVar [[gc.FlushStreamingOnGC:0]]
[2019.12.28-23.44.41:668][  0]LogConfig: Setting CVar [[gc.NumRetriesBeforeForcingGC:10]]
[2019.12.28-23.44.41:668][  0]LogConfig: Setting CVar [[gc.AllowParallelGC:1]]
[2019.12.28-23.44.41:668][  0]LogConfig: Setting CVar [[gc.TimeBetweenPurgingPendingKillObjects:61.1]]
[2019.12.28-23.44.41:668][  0]LogConfig: Setting CVar [[gc.MaxObjectsInEditor:25165824]]
[2019.12.28-23.44.41:668][  0]LogConfig: Setting CVar [[gc.IncrementalBeginDestroyEnabled:1]]
[2019.12.28-23.44.41:668][  0]LogConfig: Setting CVar [[gc.CreateGCClusters:1]]
[2019.12.28-23.44.41:668][  0]LogConfig: Setting CVar [[gc.MinGCClusterSize:5]]
[2019.12.28-23.44.41:668][  0]LogConfig: Setting CVar [[gc.ActorClusteringEnabled:0]]
[2019.12.28-23.44.41:668][  0]LogConfig: Setting CVar [[gc.BlueprintClusteringEnabled:0]]
[2019.12.28-23.44.41:668][  0]LogConfig: Setting CVar [[gc.UseDisregardForGCOnDedicatedServers:0]]
[2019.12.28-23.44.41:668][  0]LogConfig: Applying CVar settings from Section [/Script/Engine.NetworkSettings] File [D:/MiUsuario/Escritorio/EclipseStuff/tercero/SEV/- Propio/Unreal/1_unreal_rts/RealTimeGame/Saved/Config/Windows/Engine.ini]
[2019.12.28-23.44.41:668][  0]LogConfig: Applying CVar settings from Section [/Script/UnrealEd.CookerSettings] File [D:/MiUsuario/Escritorio/EclipseStuff/tercero/SEV/- Propio/Unreal/1_unreal_rts/RealTimeGame/Saved/Config/Windows/Engine.ini]
[2019.12.28-23.44.41:679][  0]LogConfig: Applying CVar settings from Section [ViewDistanceQuality@3] File [D:/MiUsuario/Escritorio/EclipseStuff/tercero/SEV/- Propio/Unreal/1_unreal_rts/RealTimeGame/Saved/Config/Windows/Scalability.ini]
[2019.12.28-23.44.41:679][  0]LogConfig: Setting CVar [[r.SkeletalMeshLODBias:0]]
[2019.12.28-23.44.41:679][  0]LogConfig: Setting CVar [[r.ViewDistanceScale:1.0]]
[2019.12.28-23.44.41:679][  0]LogConfig: Applying CVar settings from Section [AntiAliasingQuality@3] File [D:/MiUsuario/Escritorio/EclipseStuff/tercero/SEV/- Propio/Unreal/1_unreal_rts/RealTimeGame/Saved/Config/Windows/Scalability.ini]
[2019.12.28-23.44.41:679][  0]LogConfig: Setting CVar [[r.PostProcessAAQuality:4]]
[2019.12.28-23.44.41:679][  0]LogConfig: Applying CVar settings from Section [ShadowQuality@3] File [D:/MiUsuario/Escritorio/EclipseStuff/tercero/SEV/- Propio/Unreal/1_unreal_rts/RealTimeGame/Saved/Config/Windows/Scalability.ini]
[2019.12.28-23.44.41:680][  0]LogConfig: Setting CVar [[r.LightFunctionQuality:1]]
[2019.12.28-23.44.41:680][  0]LogConfig: Setting CVar [[r.ShadowQuality:5]]
[2019.12.28-23.44.41:680][  0]LogConfig: Setting CVar [[r.Shadow.CSM.MaxCascades:10]]
[2019.12.28-23.44.41:680][  0]LogConfig: Setting CVar [[r.Shadow.MaxResolution:2048]]
[2019.12.28-23.44.41:680][  0]LogConfig: Setting CVar [[r.Shadow.MaxCSMResolution:2048]]
[2019.12.28-23.44.41:680][  0]LogConfig: Setting CVar [[r.Shadow.RadiusThreshold:0.01]]
[2019.12.28-23.44.41:680][  0]LogConfig: Setting CVar [[r.Shadow.DistanceScale:1.0]]
[2019.12.28-23.44.41:680][  0]LogConfig: Setting CVar [[r.Shadow.CSM.TransitionScale:1.0]]
[2019.12.28-23.44.41:680][  0]LogConfig: Setting CVar [[r.Shadow.PreShadowResolutionFactor:1.0]]
[2019.12.28-23.44.41:680][  0]LogConfig: Setting CVar [[r.DistanceFieldShadowing:1]]
[2019.12.28-23.44.41:680][  0]LogConfig: Setting CVar [[r.DistanceFieldAO:1]]
[2019.12.28-23.44.41:680][  0]LogConfig: Setting CVar [[r.AOQuality:2]]
[2019.12.28-23.44.41:680][  0]LogConfig: Setting CVar [[r.VolumetricFog:1]]
[2019.12.28-23.44.41:680][  0]LogConfig: Setting CVar [[r.VolumetricFog.GridPixelSize:8]]
[2019.12.28-23.44.41:680][  0]LogConfig: Setting CVar [[r.VolumetricFog.GridSizeZ:128]]
[2019.12.28-23.44.41:680][  0]LogConfig: Setting CVar [[r.VolumetricFog.HistoryMissSupersampleCount:4]]
[2019.12.28-23.44.41:680][  0]LogConfig: Setting CVar [[r.LightMaxDrawDistanceScale:1]]
[2019.12.28-23.44.41:680][  0]LogConfig: Setting CVar [[r.CapsuleShadows:1]]
[2019.12.28-23.44.41:680][  0]LogConfig: Applying CVar settings from Section [PostProcessQuality@3] File [D:/MiUsuario/Escritorio/EclipseStuff/tercero/SEV/- Propio/Unreal/1_unreal_rts/RealTimeGame/Saved/Config/Windows/Scalability.ini]
[2019.12.28-23.44.41:680][  0]LogConfig: Setting CVar [[r.MotionBlurQuality:4]]
[2019.12.28-23.44.41:680][  0]LogConfig: Setting CVar [[r.AmbientOcclusionMipLevelFactor:0.4]]
[2019.12.28-23.44.41:680][  0]LogConfig: Setting CVar [[r.AmbientOcclusionMaxQuality:100]]
[2019.12.28-23.44.41:680][  0]LogConfig: Setting CVar [[r.AmbientOcclusionLevels:-1]]
[2019.12.28-23.44.41:680][  0]LogConfig: Setting CVar [[r.AmbientOcclusionRadiusScale:1.0]]
[2019.12.28-23.44.41:680][  0]LogConfig: Setting CVar [[r.DepthOfFieldQuality:2]]
[2019.12.28-23.44.41:680][  0]LogConfig: Setting CVar [[r.RenderTargetPoolMin:400]]
[2019.12.28-23.44.41:680][  0]LogConfig: Setting CVar [[r.LensFlareQuality:2]]
[2019.12.28-23.44.41:680][  0]LogConfig: Setting CVar [[r.SceneColorFringeQuality:1]]
[2019.12.28-23.44.41:680][  0]LogConfig: Setting CVar [[r.EyeAdaptationQuality:2]]
[2019.12.28-23.44.41:680][  0]LogConfig: Setting CVar [[r.BloomQuality:5]]
[2019.12.28-23.44.41:680][  0]LogConfig: Setting CVar [[r.FastBlurThreshold:100]]
[2019.12.28-23.44.41:680][  0]LogConfig: Setting CVar [[r.Upscale.Quality:3]]
[2019.12.28-23.44.41:680][  0]LogConfig: Setting CVar [[r.Tonemapper.GrainQuantization:1]]
[2019.12.28-23.44.41:680][  0]LogConfig: Setting CVar [[r.LightShaftQuality:1]]
[2019.12.28-23.44.41:680][  0]LogConfig: Setting CVar [[r.Filter.SizeScale:1]]
[2019.12.28-23.44.41:680][  0]LogConfig: Setting CVar [[r.Tonemapper.Quality:5]]
[2019.12.28-23.44.41:680][  0]LogConfig: Setting CVar [[r.DOF.Gather.AccumulatorQuality:1        ; higher gathering accumulator quality]]
[2019.12.28-23.44.41:680][  0]LogConfig: Setting CVar [[r.DOF.Gather.PostfilterMethod:1          ; Median3x3 postfilering method]]
[2019.12.28-23.44.41:680][  0]LogConfig: Setting CVar [[r.DOF.Gather.EnableBokehSettings:0       ; no bokeh simulation when gathering]]
[2019.12.28-23.44.41:680][  0]LogConfig: Setting CVar [[r.DOF.Gather.RingCount:4                 ; medium number of samples when gathering]]
[2019.12.28-23.44.41:680][  0]LogConfig: Setting CVar [[r.DOF.Scatter.ForegroundCompositing:1    ; additive foreground scattering]]
[2019.12.28-23.44.41:680][  0]LogConfig: Setting CVar [[r.DOF.Scatter.BackgroundCompositing:2    ; additive background scattering]]
[2019.12.28-23.44.41:680][  0]LogConfig: Setting CVar [[r.DOF.Scatter.EnableBokehSettings:1      ; bokeh simulation when scattering]]
[2019.12.28-23.44.41:680][  0]LogConfig: Setting CVar [[r.DOF.Scatter.MaxSpriteRatio:0.1         ; only a maximum of 10% of scattered bokeh]]
[2019.12.28-23.44.41:680][  0]LogConfig: Setting CVar [[r.DOF.Recombine.Quality:1                ; cheap slight out of focus]]
[2019.12.28-23.44.41:680][  0]LogConfig: Setting CVar [[r.DOF.Recombine.EnableBokehSettings:0    ; no bokeh simulation on slight out of focus]]
[2019.12.28-23.44.41:680][  0]LogConfig: Setting CVar [[r.DOF.TemporalAAQuality:1                ; more stable temporal accumulation]]
[2019.12.28-23.44.41:680][  0]LogConfig: Setting CVar [[r.DOF.Kernel.MaxForegroundRadius:0.025]]
[2019.12.28-23.44.41:680][  0]LogConfig: Setting CVar [[r.DOF.Kernel.MaxBackgroundRadius:0.025]]
[2019.12.28-23.44.41:680][  0]LogConfig: Applying CVar settings from Section [TextureQuality@3] File [D:/MiUsuario/Escritorio/EclipseStuff/tercero/SEV/- Propio/Unreal/1_unreal_rts/RealTimeGame/Saved/Config/Windows/Scalability.ini]
[2019.12.28-23.44.41:680][  0]LogConfig: Setting CVar [[r.Streaming.MipBias:0]]
[2019.12.28-23.44.41:680][  0]LogConfig: Setting CVar [[r.Streaming.AmortizeCPUToGPUCopy:0]]
[2019.12.28-23.44.41:680][  0]LogConfig: Setting CVar [[r.Streaming.MaxNumTexturesToStreamPerFrame:0]]
[2019.12.28-23.44.41:680][  0]LogConfig: Setting CVar [[r.Streaming.Boost:1]]
[2019.12.28-23.44.41:680][  0]LogConfig: Setting CVar [[r.MaxAnisotropy:8]]
[2019.12.28-23.44.41:680][  0]LogConfig: Setting CVar [[r.VT.MaxAnisotropy:8]]
[2019.12.28-23.44.41:680][  0]LogConfig: Setting CVar [[r.Streaming.LimitPoolSizeToVRAM:0]]
[2019.12.28-23.44.41:680][  0]LogConfig: Setting CVar [[r.Streaming.PoolSize:1000]]
[2019.12.28-23.44.41:680][  0]LogConfig: Setting CVar [[r.Streaming.MaxEffectiveScreenSize:0]]
[2019.12.28-23.44.41:680][  0]LogConfig: Applying CVar settings from Section [EffectsQuality@3] File [D:/MiUsuario/Escritorio/EclipseStuff/tercero/SEV/- Propio/Unreal/1_unreal_rts/RealTimeGame/Saved/Config/Windows/Scalability.ini]
[2019.12.28-23.44.41:680][  0]LogConfig: Setting CVar [[r.TranslucencyLightingVolumeDim:64]]
[2019.12.28-23.44.41:680][  0]LogConfig: Setting CVar [[r.RefractionQuality:2]]
[2019.12.28-23.44.41:680][  0]LogConfig: Setting CVar [[r.SSR.Quality:3]]
[2019.12.28-23.44.41:680][  0]LogConfig: Setting CVar [[r.SSR.HalfResSceneColor:0]]
[2019.12.28-23.44.41:680][  0]LogConfig: Setting CVar [[r.SceneColorFormat:4]]
[2019.12.28-23.44.41:680][  0]LogConfig: Setting CVar [[r.DetailMode:2]]
[2019.12.28-23.44.41:680][  0]LogConfig: Setting CVar [[r.TranslucencyVolumeBlur:1]]
[2019.12.28-23.44.41:680][  0]LogConfig: Setting CVar [[r.MaterialQualityLevel:1 ; High quality]]
[2019.12.28-23.44.41:680][  0]LogConfig: Setting CVar [[r.SSS.Scale:1]]
[2019.12.28-23.44.41:680][  0]LogConfig: Setting CVar [[r.SSS.SampleSet:2]]
[2019.12.28-23.44.41:680][  0]LogConfig: Setting CVar [[r.SSS.Quality:1]]
[2019.12.28-23.44.41:680][  0]LogConfig: Setting CVar [[r.SSS.HalfRes:1]]
[2019.12.28-23.44.41:680][  0]LogConfig: Setting CVar [[r.SSGI.Quality:3]]
[2019.12.28-23.44.41:680][  0]LogConfig: Setting CVar [[r.EmitterSpawnRateScale:1.0]]
[2019.12.28-23.44.41:680][  0]LogConfig: Setting CVar [[r.ParticleLightQuality:2]]
[2019.12.28-23.44.41:680][  0]LogConfig: Setting CVar [[r.SkyAtmosphere.AerialPerspectiveLUT.FastApplyOnOpaque:1 ; Always have FastSkyLUT 1 in this case to avoid wrong sky]]
[2019.12.28-23.44.41:680][  0]LogConfig: Setting CVar [[r.SkyAtmosphere.AerialPerspectiveLUT.SampleCountPerSlice:1]]
[2019.12.28-23.44.41:680][  0]LogConfig: Setting CVar [[r.SkyAtmosphere.AerialPerspectiveLUT.DepthResolution:16.0]]
[2019.12.28-23.44.41:680][  0]LogConfig: Setting CVar [[r.SkyAtmosphere.FastSkyLUT:1]]
[2019.12.28-23.44.41:680][  0]LogConfig: Setting CVar [[r.SkyAtmosphere.FastSkyLUT.SampleCountMin:4.0]]
[2019.12.28-23.44.41:680][  0]LogConfig: Setting CVar [[r.SkyAtmosphere.FastSkyLUT.SampleCountMax:32.0]]
[2019.12.28-23.44.41:680][  0]LogConfig: Setting CVar [[r.SkyAtmosphere.SampleCountMin:4.0]]
[2019.12.28-23.44.41:680][  0]LogConfig: Setting CVar [[r.SkyAtmosphere.SampleCountMax:32.0]]
[2019.12.28-23.44.41:680][  0]LogConfig: Setting CVar [[r.SkyAtmosphere.TransmittanceLUT.UseSmallFormat:0]]
[2019.12.28-23.44.41:681][  0]LogConfig: Setting CVar [[r.SkyAtmosphere.TransmittanceLUT.SampleCount:10.0]]
[2019.12.28-23.44.41:681][  0]LogConfig: Setting CVar [[r.SkyAtmosphere.MultiScatteringLUT.SampleCount:15.0]]
[2019.12.28-23.44.41:681][  0]LogConfig: Applying CVar settings from Section [FoliageQuality@3] File [D:/MiUsuario/Escritorio/EclipseStuff/tercero/SEV/- Propio/Unreal/1_unreal_rts/RealTimeGame/Saved/Config/Windows/Scalability.ini]
[2019.12.28-23.44.41:681][  0]LogConfig: Setting CVar [[foliage.DensityScale:1.0]]
[2019.12.28-23.44.41:681][  0]LogConfig: Setting CVar [[grass.DensityScale:1.0]]
[2019.12.28-23.44.41:681][  0]LogConfig: Applying CVar settings from Section [ShadingQuality@3] File [D:/MiUsuario/Escritorio/EclipseStuff/tercero/SEV/- Propio/Unreal/1_unreal_rts/RealTimeGame/Saved/Config/Windows/Scalability.ini]
[2019.12.28-23.44.41:681][  0]LogConfig: Setting CVar [[r.HairStrands.SkyLighting.SampleCount:16]]
[2019.12.28-23.44.41:681][  0]LogConfig: Setting CVar [[r.HairStrands.SkyLighting.JitterIntegration:0]]
[2019.12.28-23.44.41:681][  0]LogConfig: Setting CVar [[r.HairStrands.SkyAO.SampleCount:16]]
[2019.12.28-23.44.41:681][  0]LogInit: Selected Device Profile: [Windows]
[2019.12.28-23.44.41:681][  0]LogInit: Applying CVar settings loaded from the selected device profile: [Windows]
[2019.12.28-23.44.41:692][  0]LogHAL: Display: Platform has ~ 8 GB [8424574976 / 8589934592 / 8], which maps to Default [LargestMinGB=32, LargerMinGB=12, DefaultMinGB=8, SmallerMinGB=6, SmallestMinGB=0)
[2019.12.28-23.44.41:700][  0]LogInit: Going up to parent DeviceProfile []
[2019.12.28-23.44.41:700][  0]LogConfig: Applying CVar settings from Section [ViewDistanceQuality@3] File [D:/MiUsuario/Escritorio/EclipseStuff/tercero/SEV/- Propio/Unreal/1_unreal_rts/RealTimeGame/Saved/Config/Windows/Scalability.ini]
[2019.12.28-23.44.41:700][  0]LogConfig: Setting CVar [[r.SkeletalMeshLODBias:0]]
[2019.12.28-23.44.41:700][  0]LogConfig: Setting CVar [[r.ViewDistanceScale:1.0]]
[2019.12.28-23.44.41:700][  0]LogConfig: Applying CVar settings from Section [AntiAliasingQuality@3] File [D:/MiUsuario/Escritorio/EclipseStuff/tercero/SEV/- Propio/Unreal/1_unreal_rts/RealTimeGame/Saved/Config/Windows/Scalability.ini]
[2019.12.28-23.44.41:701][  0]LogConfig: Setting CVar [[r.PostProcessAAQuality:4]]
[2019.12.28-23.44.41:701][  0]LogConfig: Applying CVar settings from Section [ShadowQuality@3] File [D:/MiUsuario/Escritorio/EclipseStuff/tercero/SEV/- Propio/Unreal/1_unreal_rts/RealTimeGame/Saved/Config/Windows/Scalability.ini]
[2019.12.28-23.44.41:701][  0]LogConfig: Setting CVar [[r.LightFunctionQuality:1]]
[2019.12.28-23.44.41:701][  0]LogConfig: Setting CVar [[r.ShadowQuality:5]]
[2019.12.28-23.44.41:701][  0]LogConfig: Setting CVar [[r.Shadow.CSM.MaxCascades:10]]
[2019.12.28-23.44.41:701][  0]LogConfig: Setting CVar [[r.Shadow.MaxResolution:2048]]
[2019.12.28-23.44.41:701][  0]LogConfig: Setting CVar [[r.Shadow.MaxCSMResolution:2048]]
[2019.12.28-23.44.41:701][  0]LogConfig: Setting CVar [[r.Shadow.RadiusThreshold:0.01]]
[2019.12.28-23.44.41:701][  0]LogConfig: Setting CVar [[r.Shadow.DistanceScale:1.0]]
[2019.12.28-23.44.41:701][  0]LogConfig: Setting CVar [[r.Shadow.CSM.TransitionScale:1.0]]
[2019.12.28-23.44.41:701][  0]LogConfig: Setting CVar [[r.Shadow.PreShadowResolutionFactor:1.0]]
[2019.12.28-23.44.41:701][  0]LogConfig: Setting CVar [[r.DistanceFieldShadowing:1]]
[2019.12.28-23.44.41:701][  0]LogConfig: Setting CVar [[r.DistanceFieldAO:1]]
[2019.12.28-23.44.41:701][  0]LogConfig: Setting CVar [[r.AOQuality:2]]
[2019.12.28-23.44.41:701][  0]LogConfig: Setting CVar [[r.VolumetricFog:1]]
[2019.12.28-23.44.41:701][  0]LogConfig: Setting CVar [[r.VolumetricFog.GridPixelSize:8]]
[2019.12.28-23.44.41:701][  0]LogConfig: Setting CVar [[r.VolumetricFog.GridSizeZ:128]]
[2019.12.28-23.44.41:701][  0]LogConfig: Setting CVar [[r.VolumetricFog.HistoryMissSupersampleCount:4]]
[2019.12.28-23.44.41:701][  0]LogConfig: Setting CVar [[r.LightMaxDrawDistanceScale:1]]
[2019.12.28-23.44.41:701][  0]LogConfig: Setting CVar [[r.CapsuleShadows:1]]
[2019.12.28-23.44.41:701][  0]LogConfig: Applying CVar settings from Section [PostProcessQuality@3] File [D:/MiUsuario/Escritorio/EclipseStuff/tercero/SEV/- Propio/Unreal/1_unreal_rts/RealTimeGame/Saved/Config/Windows/Scalability.ini]
[2019.12.28-23.44.41:701][  0]LogConfig: Setting CVar [[r.MotionBlurQuality:4]]
[2019.12.28-23.44.41:701][  0]LogConfig: Setting CVar [[r.AmbientOcclusionMipLevelFactor:0.4]]
[2019.12.28-23.44.41:701][  0]LogConfig: Setting CVar [[r.AmbientOcclusionMaxQuality:100]]
[2019.12.28-23.44.41:701][  0]LogConfig: Setting CVar [[r.AmbientOcclusionLevels:-1]]
[2019.12.28-23.44.41:701][  0]LogConfig: Setting CVar [[r.AmbientOcclusionRadiusScale:1.0]]
[2019.12.28-23.44.41:701][  0]LogConfig: Setting CVar [[r.DepthOfFieldQuality:2]]
[2019.12.28-23.44.41:701][  0]LogConfig: Setting CVar [[r.RenderTargetPoolMin:400]]
[2019.12.28-23.44.41:701][  0]LogConfig: Setting CVar [[r.LensFlareQuality:2]]
[2019.12.28-23.44.41:701][  0]LogConfig: Setting CVar [[r.SceneColorFringeQuality:1]]
[2019.12.28-23.44.41:701][  0]LogConfig: Setting CVar [[r.EyeAdaptationQuality:2]]
[2019.12.28-23.44.41:701][  0]LogConfig: Setting CVar [[r.BloomQuality:5]]
[2019.12.28-23.44.41:701][  0]LogConfig: Setting CVar [[r.FastBlurThreshold:100]]
[2019.12.28-23.44.41:701][  0]LogConfig: Setting CVar [[r.Upscale.Quality:3]]
[2019.12.28-23.44.41:701][  0]LogConfig: Setting CVar [[r.Tonemapper.GrainQuantization:1]]
[2019.12.28-23.44.41:701][  0]LogConfig: Setting CVar [[r.LightShaftQuality:1]]
[2019.12.28-23.44.41:701][  0]LogConfig: Setting CVar [[r.Filter.SizeScale:1]]
[2019.12.28-23.44.41:701][  0]LogConfig: Setting CVar [[r.Tonemapper.Quality:5]]
[2019.12.28-23.44.41:701][  0]LogConfig: Setting CVar [[r.DOF.Gather.AccumulatorQuality:1        ; higher gathering accumulator quality]]
[2019.12.28-23.44.41:701][  0]LogConfig: Setting CVar [[r.DOF.Gather.PostfilterMethod:1          ; Median3x3 postfilering method]]
[2019.12.28-23.44.41:701][  0]LogConfig: Setting CVar [[r.DOF.Gather.EnableBokehSettings:0       ; no bokeh simulation when gathering]]
[2019.12.28-23.44.41:701][  0]LogConfig: Setting CVar [[r.DOF.Gather.RingCount:4                 ; medium number of samples when gathering]]
[2019.12.28-23.44.41:701][  0]LogConfig: Setting CVar [[r.DOF.Scatter.ForegroundCompositing:1    ; additive foreground scattering]]
[2019.12.28-23.44.41:701][  0]LogConfig: Setting CVar [[r.DOF.Scatter.BackgroundCompositing:2    ; additive background scattering]]
[2019.12.28-23.44.41:701][  0]LogConfig: Setting CVar [[r.DOF.Scatter.EnableBokehSettings:1      ; bokeh simulation when scattering]]
[2019.12.28-23.44.41:701][  0]LogConfig: Setting CVar [[r.DOF.Scatter.MaxSpriteRatio:0.1         ; only a maximum of 10% of scattered bokeh]]
[2019.12.28-23.44.41:701][  0]LogConfig: Setting CVar [[r.DOF.Recombine.Quality:1                ; cheap slight out of focus]]
[2019.12.28-23.44.41:701][  0]LogConfig: Setting CVar [[r.DOF.Recombine.EnableBokehSettings:0    ; no bokeh simulation on slight out of focus]]
[2019.12.28-23.44.41:701][  0]LogConfig: Setting CVar [[r.DOF.TemporalAAQuality:1                ; more stable temporal accumulation]]
[2019.12.28-23.44.41:701][  0]LogConfig: Setting CVar [[r.DOF.Kernel.MaxForegroundRadius:0.025]]
[2019.12.28-23.44.41:701][  0]LogConfig: Setting CVar [[r.DOF.Kernel.MaxBackgroundRadius:0.025]]
[2019.12.28-23.44.41:701][  0]LogConfig: Applying CVar settings from Section [TextureQuality@3] File [D:/MiUsuario/Escritorio/EclipseStuff/tercero/SEV/- Propio/Unreal/1_unreal_rts/RealTimeGame/Saved/Config/Windows/Scalability.ini]
[2019.12.28-23.44.41:701][  0]LogConfig: Setting CVar [[r.Streaming.MipBias:0]]
[2019.12.28-23.44.41:701][  0]LogConfig: Setting CVar [[r.Streaming.AmortizeCPUToGPUCopy:0]]
[2019.12.28-23.44.41:701][  0]LogConfig: Setting CVar [[r.Streaming.MaxNumTexturesToStreamPerFrame:0]]
[2019.12.28-23.44.41:701][  0]LogConfig: Setting CVar [[r.Streaming.Boost:1]]
[2019.12.28-23.44.41:701][  0]LogConfig: Setting CVar [[r.MaxAnisotropy:8]]
[2019.12.28-23.44.41:701][  0]LogConfig: Setting CVar [[r.VT.MaxAnisotropy:8]]
[2019.12.28-23.44.41:701][  0]LogConfig: Setting CVar [[r.Streaming.LimitPoolSizeToVRAM:0]]
[2019.12.28-23.44.41:701][  0]LogConfig: Setting CVar [[r.Streaming.PoolSize:1000]]
[2019.12.28-23.44.41:701][  0]LogConfig: Setting CVar [[r.Streaming.MaxEffectiveScreenSize:0]]
[2019.12.28-23.44.41:701][  0]LogConfig: Applying CVar settings from Section [EffectsQuality@3] File [D:/MiUsuario/Escritorio/EclipseStuff/tercero/SEV/- Propio/Unreal/1_unreal_rts/RealTimeGame/Saved/Config/Windows/Scalability.ini]
[2019.12.28-23.44.41:701][  0]LogConfig: Setting CVar [[r.TranslucencyLightingVolumeDim:64]]
[2019.12.28-23.44.41:701][  0]LogConfig: Setting CVar [[r.RefractionQuality:2]]
[2019.12.28-23.44.41:701][  0]LogConfig: Setting CVar [[r.SSR.Quality:3]]
[2019.12.28-23.44.41:701][  0]LogConfig: Setting CVar [[r.SSR.HalfResSceneColor:0]]
[2019.12.28-23.44.41:701][  0]LogConfig: Setting CVar [[r.SceneColorFormat:4]]
[2019.12.28-23.44.41:701][  0]LogConfig: Setting CVar [[r.DetailMode:2]]
[2019.12.28-23.44.41:701][  0]LogConfig: Setting CVar [[r.TranslucencyVolumeBlur:1]]
[2019.12.28-23.44.41:701][  0]LogConfig: Setting CVar [[r.MaterialQualityLevel:1 ; High quality]]
[2019.12.28-23.44.41:701][  0]LogConfig: Setting CVar [[r.SSS.Scale:1]]
[2019.12.28-23.44.41:701][  0]LogConfig: Setting CVar [[r.SSS.SampleSet:2]]
[2019.12.28-23.44.41:701][  0]LogConfig: Setting CVar [[r.SSS.Quality:1]]
[2019.12.28-23.44.41:701][  0]LogConfig: Setting CVar [[r.SSS.HalfRes:1]]
[2019.12.28-23.44.41:701][  0]LogConfig: Setting CVar [[r.SSGI.Quality:3]]
[2019.12.28-23.44.41:701][  0]LogConfig: Setting CVar [[r.EmitterSpawnRateScale:1.0]]
[2019.12.28-23.44.41:701][  0]LogConfig: Setting CVar [[r.ParticleLightQuality:2]]
[2019.12.28-23.44.41:701][  0]LogConfig: Setting CVar [[r.SkyAtmosphere.AerialPerspectiveLUT.FastApplyOnOpaque:1 ; Always have FastSkyLUT 1 in this case to avoid wrong sky]]
[2019.12.28-23.44.41:701][  0]LogConfig: Setting CVar [[r.SkyAtmosphere.AerialPerspectiveLUT.SampleCountPerSlice:1]]
[2019.12.28-23.44.41:701][  0]LogConfig: Setting CVar [[r.SkyAtmosphere.AerialPerspectiveLUT.DepthResolution:16.0]]
[2019.12.28-23.44.41:701][  0]LogConfig: Setting CVar [[r.SkyAtmosphere.FastSkyLUT:1]]
[2019.12.28-23.44.41:702][  0]LogConfig: Setting CVar [[r.SkyAtmosphere.FastSkyLUT.SampleCountMin:4.0]]
[2019.12.28-23.44.41:702][  0]LogConfig: Setting CVar [[r.SkyAtmosphere.FastSkyLUT.SampleCountMax:32.0]]
[2019.12.28-23.44.41:702][  0]LogConfig: Setting CVar [[r.SkyAtmosphere.SampleCountMin:4.0]]
[2019.12.28-23.44.41:702][  0]LogConfig: Setting CVar [[r.SkyAtmosphere.SampleCountMax:32.0]]
[2019.12.28-23.44.41:702][  0]LogConfig: Setting CVar [[r.SkyAtmosphere.TransmittanceLUT.UseSmallFormat:0]]
[2019.12.28-23.44.41:702][  0]LogConfig: Setting CVar [[r.SkyAtmosphere.TransmittanceLUT.SampleCount:10.0]]
[2019.12.28-23.44.41:702][  0]LogConfig: Setting CVar [[r.SkyAtmosphere.MultiScatteringLUT.SampleCount:15.0]]
[2019.12.28-23.44.41:702][  0]LogConfig: Applying CVar settings from Section [FoliageQuality@3] File [D:/MiUsuario/Escritorio/EclipseStuff/tercero/SEV/- Propio/Unreal/1_unreal_rts/RealTimeGame/Saved/Config/Windows/Scalability.ini]
[2019.12.28-23.44.41:702][  0]LogConfig: Setting CVar [[foliage.DensityScale:1.0]]
[2019.12.28-23.44.41:702][  0]LogConfig: Setting CVar [[grass.DensityScale:1.0]]
[2019.12.28-23.44.41:702][  0]LogConfig: Applying CVar settings from Section [ShadingQuality@3] File [D:/MiUsuario/Escritorio/EclipseStuff/tercero/SEV/- Propio/Unreal/1_unreal_rts/RealTimeGame/Saved/Config/Windows/Scalability.ini]
[2019.12.28-23.44.41:702][  0]LogConfig: Setting CVar [[r.HairStrands.SkyLighting.SampleCount:16]]
[2019.12.28-23.44.41:702][  0]LogConfig: Setting CVar [[r.HairStrands.SkyLighting.JitterIntegration:0]]
[2019.12.28-23.44.41:702][  0]LogConfig: Setting CVar [[r.HairStrands.SkyAO.SampleCount:16]]
[2019.12.28-23.44.41:702][  0]LogConfig: Applying CVar settings from Section [Startup] File [../../../Engine/Config/ConsoleVariables.ini]
[2019.12.28-23.44.41:703][  0]LogConfig: Setting CVar [[net.UseAdaptiveNetUpdateFrequency:0]]
[2019.12.28-23.44.41:703][  0]LogConfig: Setting CVar [[p.chaos.AllowCreatePhysxBodies:1]]
[2019.12.28-23.44.41:703][  0]LogConfig: Applying CVar settings from Section [ConsoleVariables] File [D:/MiUsuario/Escritorio/EclipseStuff/tercero/SEV/- Propio/Unreal/1_unreal_rts/RealTimeGame/Saved/Config/Windows/Engine.ini]
[2019.12.28-23.44.41:703][  0]LogInit: Computer: LAPTOP-RJTE4B6M
[2019.12.28-23.44.41:703][  0]LogInit: User: myself
[2019.12.28-23.44.41:703][  0]LogInit: CPU Page size=4096, Cores=6
[2019.12.28-23.44.41:703][  0]LogInit: High frequency timer resolution =10.000000 MHz
[2019.12.28-23.44.41:703][  0]LogMemory: Memory total: Physical=7.8GB (8GB approx)
[2019.12.28-23.44.41:712][  0]LogMemory: Platform Memory Stats for Windows
[2019.12.28-23.44.41:712][  0]LogMemory: Process Physical Memory: 106.45 MB used, 106.45 MB peak
[2019.12.28-23.44.41:712][  0]LogMemory: Process Virtual Memory: 101.47 MB used, 101.47 MB peak
[2019.12.28-23.44.41:712][  0]LogMemory: Physical Memory: 5822.15 MB used,  2212.15 MB free, 8034.30 MB total
[2019.12.28-23.44.41:712][  0]LogMemory: Virtual Memory: 5159.21 MB used,  134212568.00 MB free, 134217728.00 MB total
[2019.12.28-23.44.41:715][  0]LogWindows: WindowsPlatformFeatures enabled
[2019.12.28-23.44.43:156][  0]LogInit: Overriding language with editor language configuration option (en-GB).
[2019.12.28-23.44.43:156][  0]LogInit: Overriding locale with editor culture configuration option ().
[2019.12.28-23.44.43:156][  0]LogInit: Using OS detected locale (es-ES).
[2019.12.28-23.44.43:185][  0]LogTextLocalizationManager: No specific localization for 'en-GB' exists, so the 'en' localization will be used.
[2019.12.28-23.44.43:905][  0]LogInit: Setting process to per monitor DPI aware
[2019.12.28-23.44.44:232][  0]LogSlate: New Slate User Created.  User Index 0, Is Virtual User: 0
[2019.12.28-23.44.44:232][  0]LogSlate: Slate User Registered.  User Index 0, Is Virtual User: 0
[2019.12.28-23.44.46:503][  0]LogHMD: Failed to initialize OpenVR with code 110
[2019.12.28-23.44.46:503][  0]LogD3D11RHI: D3D11 min allowed feature level: 11_0
[2019.12.28-23.44.46:503][  0]LogD3D11RHI: D3D11 max allowed feature level: 11_0
[2019.12.28-23.44.46:503][  0]LogD3D11RHI: D3D11 adapters:
[2019.12.28-23.44.46:629][  0]LogD3D11RHI:    0. 'NVIDIA GeForce GTX 1050' (Feature Level 11_0)
[2019.12.28-23.44.46:629][  0]LogD3D11RHI:       4029/0/4017 MB DedicatedVideo/DedicatedSystem/SharedSystem, Outputs:1, VendorId:0x10de
[2019.12.28-23.44.46:648][  0]LogD3D11RHI:    1. 'Intel(R) UHD Graphics 630' (Feature Level 11_0)
[2019.12.28-23.44.46:648][  0]LogD3D11RHI:       128/0/4017 MB DedicatedVideo/DedicatedSystem/SharedSystem, Outputs:0, VendorId:0x8086
[2019.12.28-23.44.46:655][  0]LogD3D11RHI:    2. 'Microsoft Basic Render Driver' (Feature Level 11_0)
[2019.12.28-23.44.46:655][  0]LogD3D11RHI:       0/0/4017 MB DedicatedVideo/DedicatedSystem/SharedSystem, Outputs:0, VendorId:0x1414
[2019.12.28-23.44.46:655][  0]LogD3D11RHI: Chosen D3D11 Adapter: 0
[2019.12.28-23.44.46:867][  0]LogD3D11RHI: Creating new Direct3DDevice
[2019.12.28-23.44.46:867][  0]LogD3D11RHI:     GPU DeviceId: 0x1c8d (for the marketing name, search the web for "GPU Device Id")
[2019.12.28-23.44.46:867][  0]LogWindows: EnumDisplayDevices:
[2019.12.28-23.44.46:867][  0]LogWindows:    0. 'Intel(R) UHD Graphics 630' (P:1 D:1)
[2019.12.28-23.44.46:868][  0]LogWindows:    1. 'Intel(R) UHD Graphics 630' (P:0 D:0)
[2019.12.28-23.44.46:868][  0]LogWindows:    2. 'Intel(R) UHD Graphics 630' (P:0 D:0)
[2019.12.28-23.44.46:868][  0]LogWindows:    3. 'NVIDIA GeForce GTX 1050' (P:0 D:0)
[2019.12.28-23.44.46:868][  0]LogWindows: DebugString: PrimaryIsNotTheChoosenAdapter PrimaryIsNotTheChoosenAdapter PrimaryIsNotTheChoosenAdapter 
[2019.12.28-23.44.46:868][  0]LogD3D11RHI:     Adapter Name: NVIDIA GeForce GTX 1050
[2019.12.28-23.44.46:868][  0]LogD3D11RHI:   Driver Version: 388.73 (internal:23.21.13.8873, unified:388.73)
[2019.12.28-23.44.46:868][  0]LogD3D11RHI:      Driver Date: 12-18-2017
[2019.12.28-23.44.46:869][  0]LogRHI: Texture pool is 2820 MB (70% of 4029 MB)
[2019.12.28-23.44.46:911][  0]LogD3D11RHI: RHI has support for 64 bit atomics
[2019.12.28-23.44.46:912][  0]LogD3D11RHI: Async texture creation enabled
[2019.12.28-23.44.46:997][  0]LogD3D11RHI: GPU Timing Frequency: 1000.000000 (Debug: 2 1)
[2019.12.28-23.44.47:958][  0]LogTargetPlatformManager: Display: Loaded TargetPlatform 'AllDesktop'
[2019.12.28-23.44.48:026][  0]LogTargetPlatformManager: Display: Loaded TargetPlatform 'Android'
[2019.12.28-23.44.48:026][  0]LogTargetPlatformManager: Display: Loaded TargetPlatform 'Android_ASTC'
[2019.12.28-23.44.48:026][  0]LogTargetPlatformManager: Display: Loaded TargetPlatform 'Android_ATC'
[2019.12.28-23.44.48:026][  0]LogTargetPlatformManager: Display: Loaded TargetPlatform 'Android_DXT'
[2019.12.28-23.44.48:026][  0]LogTargetPlatformManager: Display: Loaded TargetPlatform 'Android_ETC1'
[2019.12.28-23.44.48:026][  0]LogTargetPlatformManager: Display: Loaded TargetPlatform 'Android_ETC1a'
[2019.12.28-23.44.48:026][  0]LogTargetPlatformManager: Display: Loaded TargetPlatform 'Android_ETC2'
[2019.12.28-23.44.48:026][  0]LogTargetPlatformManager: Display: Loaded TargetPlatform 'Android_PVRTC'
[2019.12.28-23.44.48:026][  0]LogTargetPlatformManager: Display: Loaded TargetPlatform 'AndroidClient'
[2019.12.28-23.44.48:026][  0]LogTargetPlatformManager: Display: Loaded TargetPlatform 'Android_ASTCClient'
[2019.12.28-23.44.48:026][  0]LogTargetPlatformManager: Display: Loaded TargetPlatform 'Android_ATCClient'
[2019.12.28-23.44.48:026][  0]LogTargetPlatformManager: Display: Loaded TargetPlatform 'Android_DXTClient'
[2019.12.28-23.44.48:026][  0]LogTargetPlatformManager: Display: Loaded TargetPlatform 'Android_ETC1Client'
[2019.12.28-23.44.48:026][  0]LogTargetPlatformManager: Display: Loaded TargetPlatform 'Android_ETC1aClient'
[2019.12.28-23.44.48:026][  0]LogTargetPlatformManager: Display: Loaded TargetPlatform 'Android_ETC2Client'
[2019.12.28-23.44.48:026][  0]LogTargetPlatformManager: Display: Loaded TargetPlatform 'Android_PVRTCClient'
[2019.12.28-23.44.48:026][  0]LogTargetPlatformManager: Display: Loaded TargetPlatform 'Android_Multi'
[2019.12.28-23.44.48:026][  0]LogTargetPlatformManager: Display: Loaded TargetPlatform 'Android_MultiClient'
[2019.12.28-23.44.48:093][  0]LogTargetPlatformManager: Display: Loaded TargetPlatform 'IOSClient'
[2019.12.28-23.44.48:093][  0]LogTargetPlatformManager: Display: Loaded TargetPlatform 'IOS'
[2019.12.28-23.44.48:122][  0]LogTargetPlatformManager: Display: Loaded TargetPlatform 'LinuxNoEditor'
[2019.12.28-23.44.48:154][  0]LogTargetPlatformManager: Display: Loaded TargetPlatform 'LinuxClient'
[2019.12.28-23.44.48:217][  0]LogTargetPlatformManager: Display: Loaded TargetPlatform 'LinuxServer'
[2019.12.28-23.44.48:240][  0]LogTargetPlatformManager: Display: Loaded TargetPlatform 'LinuxAArch64NoEditor'
[2019.12.28-23.44.48:247][  0]LogTargetPlatformManager: Display: Loaded TargetPlatform 'LinuxAArch64Client'
[2019.12.28-23.44.48:254][  0]LogTargetPlatformManager: Display: Loaded TargetPlatform 'LinuxAArch64Server'
[2019.12.28-23.44.48:305][  0]LogTargetPlatformManager: Display: Loaded TargetPlatform 'Lumin'
[2019.12.28-23.44.48:305][  0]LogTargetPlatformManager: Display: Loaded TargetPlatform 'LuminClient'
[2019.12.28-23.44.48:328][  0]LogTargetPlatformManager: Display: Loaded TargetPlatform 'TVOSClient'
[2019.12.28-23.44.48:328][  0]LogTargetPlatformManager: Display: Loaded TargetPlatform 'TVOS'
[2019.12.28-23.44.48:348][  0]LogTargetPlatformManager: Display: Loaded TargetPlatform 'WindowsNoEditor'
[2019.12.28-23.44.48:373][  0]LogTargetPlatformManager: Display: Loaded TargetPlatform 'Windows'
[2019.12.28-23.44.48:390][  0]LogTargetPlatformManager: Display: Loaded TargetPlatform 'WindowsClient'
[2019.12.28-23.44.48:447][  0]LogTargetPlatformManager: Display: Loaded TargetPlatform 'WindowsServer'
[2019.12.28-23.44.48:447][  0]LogTargetPlatformManager: Display: Building Assets For Windows
[2019.12.28-23.44.48:515][  0]LogAudioDebug: Display: Lib vorbis DLL was dynamically loaded.
[2019.12.28-23.44.49:109][  0]LogShaderCompilers: Guid format shader working directory is -59 characters bigger than the processId version (../../../../../../MiUsuario/Escritorio/EclipseStuff/tercero/SEV/- Propio/Unreal/1_unreal_rts/RealTimeGame/Intermediate/Shaders/WorkingDirectory/52388/).
[2019.12.28-23.44.49:109][  0]LogShaderCompilers: Cleaned the shader compiler working directory 'C:/Users/myself/AppData/Local/Temp/UnrealShaderWorkingDir/852E5F7246309177ED0D11BDA2EC4753/'.
[2019.12.28-23.44.49:118][  0]LogXGEController: Cleaning working directory: C:/Users/myself/AppData/Local/Temp/UnrealXGEWorkingDir/
[2019.12.28-23.44.49:118][  0]LogXGEController: Cannot use XGE Controller as Incredibuild is not installed on this machine.
[2019.12.28-23.44.49:118][  0]LogShaderCompilers: Cannot use XGE Shader Compiler as Incredibuild is not installed on this machine.
[2019.12.28-23.44.49:118][  0]LogShaderCompilers: Display: Using Local Shader Compiler.
[2019.12.28-23.44.52:504][  0]LogDerivedDataCache: Display: Max Cache Size: 512 MB
[2019.12.28-23.44.52:963][  0]LogDerivedDataCache: Loaded boot cache 0.46s 78MB C:/Users/myself/AppData/Local/UnrealEngine/4.24/DerivedDataCache/Boot.ddc.
[2019.12.28-23.44.52:963][  0]LogDerivedDataCache: Display: Loaded Boot cache: C:/Users/myself/AppData/Local/UnrealEngine/4.24/DerivedDataCache/Boot.ddc
[2019.12.28-23.44.52:963][  0]LogDerivedDataCache: FDerivedDataBackendGraph:  Pak pak cache file ../../../../../../MiUsuario/Escritorio/EclipseStuff/tercero/SEV/- Propio/Unreal/1_unreal_rts/RealTimeGame/DerivedDataCache/DDC.ddp not found, will not use a pak cache.
[2019.12.28-23.44.52:963][  0]LogDerivedDataCache: Unable to find inner node Pak for hierarchical cache Hierarchy.
[2019.12.28-23.44.52:963][  0]LogDerivedDataCache: FDerivedDataBackendGraph:  CompressedPak pak cache file ../../../../../../MiUsuario/Escritorio/EclipseStuff/tercero/SEV/- Propio/Unreal/1_unreal_rts/RealTimeGame/DerivedDataCache/Compressed.ddp not found, will not use a pak cache.
[2019.12.28-23.44.52:963][  0]LogDerivedDataCache: Unable to find inner node CompressedPak for hierarchical cache Hierarchy.
[2019.12.28-23.44.53:067][  0]LogDerivedDataCache: Display: Pak cache opened for reading ../../../Engine/DerivedDataCache/Compressed.ddp.
[2019.12.28-23.44.53:067][  0]LogDerivedDataCache: FDerivedDataBackendGraph:  EnterprisePak pak cache file ../../../Enterprise/DerivedDataCache/Compressed.ddp not found, will not use a pak cache.
[2019.12.28-23.44.53:067][  0]LogDerivedDataCache: Unable to find inner node EnterprisePak for hierarchical cache Hierarchy.
[2019.12.28-23.44.53:087][  0]LogDerivedDataCache: Using Local data cache path C:/Users/myself/AppData/Local/UnrealEngine/Common/DerivedDataCache: Writable
[2019.12.28-23.44.53:087][  0]LogDerivedDataCache: Shared data cache path not found in *engine.ini, will not use an Shared cache.
[2019.12.28-23.44.53:087][  0]LogDerivedDataCache: Unable to find inner node Shared for hierarchical cache Hierarchy.
[2019.12.28-23.44.53:111][  0]LogMaterial: Verifying Global Shaders for PCD3D_SM5
[2019.12.28-23.44.53:143][  0]LogSlate: Using FreeType 2.10.0
[2019.12.28-23.44.53:231][  0]LogSlate: SlateFontServices - WITH_FREETYPE: 1, WITH_HARFBUZZ: 1
[2019.12.28-23.44.54:513][  0]LogAssetRegistry: FAssetRegistry took 0.0047 seconds to start up
[2019.12.28-23.44.58:238][  0]LogInit: Selected Device Profile: [Windows]
[2019.12.28-23.45.00:633][  0]LogMeshReduction: Using QuadricMeshReduction for automatic static mesh reduction
[2019.12.28-23.45.00:633][  0]LogMeshReduction: Using SimplygonMeshReduction for automatic skeletal mesh reduction
[2019.12.28-23.45.00:633][  0]LogMeshReduction: Using ProxyLODMeshReduction for automatic mesh merging
[2019.12.28-23.45.00:633][  0]LogMeshReduction: No distributed automatic mesh merging module available
[2019.12.28-23.45.00:633][  0]LogMeshMerging: No distributed automatic mesh merging module available
[2019.12.28-23.45.01:064][  0]LogNetVersion: RealTimeGame 1.0.0, NetCL: 10570792, EngineNetVer: 13, GameNetVer: 0 (Checksum: 2623926157)
[2019.12.28-23.45.17:325][  0]LogPackageLocalizationCache: Processed 10 localized package path(s) for 1 prioritized culture(s) in 0.161096 seconds
[2019.12.28-23.45.17:335][  0]LogUObjectArray: 46750 objects as part of root set at end of initial load.
[2019.12.28-23.45.17:335][  0]LogUObjectAllocator: 8137160 out of 0 bytes used by permanent object pool.
[2019.12.28-23.45.17:335][  0]LogUObjectArray: CloseDisregardForGC: 0/0 objects in disregard for GC pool
[2019.12.28-23.45.21:384][  0]LogTcpMessaging: Initializing TcpMessaging bridge
[2019.12.28-23.45.21:389][  0]LogUdpMessaging: Initializing bridge on interface 0.0.0.0:0 to multicast group 230.0.0.1:6666.
[2019.12.28-23.45.21:777][  0]SourceControl: Source control is disabled
[2019.12.28-23.45.21:778][  0]SourceControl: Source control is disabled
[2019.12.28-23.45.21:825][  0]SourceControl: Source control is disabled
[2019.12.28-23.45.21:852][  0]SourceControl: Source control is disabled
[2019.12.28-23.45.21:874][  0]SourceControl: Source control is disabled
[2019.12.28-23.45.22:788][  0]LogAndroidPermission: UAndroidPermissionCallbackProxy::GetInstance
[2019.12.28-23.45.22:809][  0]LogAudioCaptureCore: Display: No Audio Capture implementations found. Audio input will be silent.
[2019.12.28-23.45.22:809][  0]LogAudioCaptureCore: Display: No Audio Capture implementations found. Audio input will be silent.
[2019.12.28-23.45.23:336][  0]LogOcInput: OculusInput pre-init called
[2019.12.28-23.45.23:411][  0]LogWindows: Failed to load 'OVRPlugin.dll' (GetLastError=126)
[2019.12.28-23.45.23:411][  0]LogWindows: File 'OVRPlugin.dll' does not exist
[2019.12.28-23.45.24:478][  0]LogEngine: Initializing Engine...
[2019.12.28-23.45.24:524][  0]LogHMD: Failed to initialize OpenVR with code 110
[2019.12.28-23.45.24:526][  0]LogStats: UGameplayTagsManager::InitializeManager -  0.001 s
[2019.12.28-23.45.25:809][  0]LogInit: Initializing FReadOnlyCVARCache
[2019.12.28-23.45.25:977][  0]LogAIModule: Creating AISystem for world Untitled
[2019.12.28-23.45.26:052][  0]LogAudioMixer: Display: Audio Mixer Platform Settings:
[2019.12.28-23.45.26:052][  0]LogAudioMixer: Display: 	Sample Rate:						  48000
[2019.12.28-23.45.26:052][  0]LogAudioMixer: Display: 	Callback Buffer Frame Size Requested: 1024
[2019.12.28-23.45.26:052][  0]LogAudioMixer: Display: 	Callback Buffer Frame Size To Use:	  1024
[2019.12.28-23.45.26:052][  0]LogAudioMixer: Display: 	Number of buffers to queue:			  2
[2019.12.28-23.45.26:052][  0]LogAudioMixer: Display: 	Max Channels (voices):				  32
[2019.12.28-23.45.26:052][  0]LogAudioMixer: Display: 	Number of Async Source Workers:		  0
[2019.12.28-23.45.26:052][  0]LogAudio: Display: AudioDevice MaxSources: 32
[2019.12.28-23.45.26:052][  0]LogAudio: Display: Using built-in audio occlusion.
[2019.12.28-23.45.26:052][  0]LogAudioMixer: Display: Initializing audio mixer.
[2019.12.28-23.45.26:098][  0]LogAudioMixer: Display: Audio Device Output Speaker Info:
[2019.12.28-23.45.26:098][  0]LogAudioMixer: Display: Name: Altavoces (Realtek High Definition Audio)
[2019.12.28-23.45.26:098][  0]LogAudioMixer: Display: Is Default: Yes
[2019.12.28-23.45.26:098][  0]LogAudioMixer: Display: Sample Rate: 48000
[2019.12.28-23.45.26:098][  0]LogAudioMixer: Display: Channel Count Used: 2
[2019.12.28-23.45.26:098][  0]LogAudioMixer: Display: Device Channel Count: 2
[2019.12.28-23.45.26:098][  0]LogAudioMixer: Display: Channel Order:
[2019.12.28-23.45.26:098][  0]LogAudioMixer: Display: 0: FrontLeft
[2019.12.28-23.45.26:098][  0]LogAudioMixer: Display: 1: FrontRight
[2019.12.28-23.45.26:124][  0]LogAudioMixer: Display: Using Audio Device Altavoces (Realtek High Definition Audio)
[2019.12.28-23.45.26:126][  0]LogInit: FAudioDevice initialized.
[2019.12.28-23.45.26:126][  0]LogNetVersion: Set ProjectVersion to 1.0.0.0. Version Checksum will be recalculated on next use.
[2019.12.28-23.45.26:308][  0]LogDerivedDataCache: Saved boot cache 0.18s 78MB C:/Users/myself/AppData/Local/UnrealEngine/4.24/DerivedDataCache/Boot.ddc.
[2019.12.28-23.45.26:309][  0]LogInit: Texture streaming: Enabled
[2019.12.28-23.45.26:435][  0]LogEngineSessionManager: EngineSessionManager initialized
[2019.12.28-23.45.26:435][  0]LogEditorSessionSummary: Verbose: Initializing EditorSessionSummaryWriter for editor session tracking
[2019.12.28-23.45.26:436][  0]LogEditorSessionSummary: EditorSessionSummaryWriter initialized
[2019.12.28-23.45.26:844][  0]LogInit: Transaction tracking system initialized
[2019.12.28-23.45.27:156][  0]BlueprintLog: New page: Editor Load
[2019.12.28-23.45.28:166][  0]LocalizationService: Localization service is disabled
[2019.12.28-23.45.30:955][  0]LogFileCache: Scanning file cache for directory 'D:/MiUsuario/Escritorio/EclipseStuff/tercero/SEV/- Propio/Unreal/1_unreal_rts/RealTimeGame/Content/' took 0.01s
[2019.12.28-23.45.30:955][  0]LogCook: Display: Max memory allowance for cook 16384mb min free memory 0mb
[2019.12.28-23.45.30:955][  0]LogCook: Display: Mobile HDR setting 1
[2019.12.28-23.45.34:523][  0]SourceControl: Source control is disabled
[2019.12.28-23.45.34:523][  0]Cmd: MAP LOAD FILE="../../../../../../MiUsuario/Escritorio/EclipseStuff/tercero/SEV/- Propio/Unreal/1_unreal_rts/RealTimeGame/Content/Levels/TestLevel.umap" TEMPLATE=0 SHOWPROGRESS=1 FEATURELEVEL=3
[2019.12.28-23.45.34:535][  0]LightingResults: New page: Lighting Build
[2019.12.28-23.45.34:580][  0]LogWorld: UWorld::CleanupWorld for Untitled, bSessionEnded=true, bCleanupResources=true
[2019.12.28-23.45.34:580][  0]LogSlate: InvalidateAllWidgets triggered.  All widgets were invalidated
[2019.12.28-23.45.34:581][  0]MapCheck: New page: Map Check
[2019.12.28-23.45.34:581][  0]LightingResults: New page: Lighting Build
[2019.12.28-23.45.34:638][  0]LogUObjectHash: Compacting FUObjectHashTables data took   2.03ms
[2019.12.28-23.45.35:707][  0]LogAIModule: Creating AISystem for world TestLevel
[2019.12.28-23.45.35:762][  0]LogEditorServer: Finished looking for orphan Actors (0.000 secs)
[2019.12.28-23.45.35:836][  0]LogUObjectHash: Compacting FUObjectHashTables data took   3.00ms
[2019.12.28-23.45.35:836][  0]Cmd: MAP CHECKDEP NOCLEARLOG
[2019.12.28-23.45.35:861][  0]MapCheck: Map check complete: 0 Error(s), 0 Warning(s), took 25,066ms to complete.
[2019.12.28-23.45.35:861][  0]LogFileHelpers: Loading map 'TestLevel' took 1.338
[2019.12.28-23.45.36:921][  0]LogSlate: Updating window title bar state: overlay mode, drag disabled, window buttons hidden, title bar hidden
[2019.12.28-23.45.36:939][  0]LogSlate: Updating window title bar state: overlay mode, drag disabled, window buttons hidden, title bar hidden
[2019.12.28-23.45.36:948][  0]LogSlate: Updating window title bar state: overlay mode, drag disabled, window buttons hidden, title bar hidden
[2019.12.28-23.45.36:955][  0]LogSlate: Updating window title bar state: overlay mode, drag disabled, window buttons hidden, title bar hidden
[2019.12.28-23.45.37:126][  0]LogCollectionManager: Loaded 0 collections in 0.002016 seconds
[2019.12.28-23.45.37:313][  0]LogFileCache: Scanning file cache for directory 'D:/MiUsuario/Escritorio/EclipseStuff/tercero/SEV/- Propio/Unreal/1_unreal_rts/RealTimeGame/Saved/Collections/' took 0.00s
[2019.12.28-23.45.37:313][  0]LogFileCache: Scanning file cache for directory 'D:/MiUsuario/Escritorio/EclipseStuff/tercero/SEV/- Propio/Unreal/1_unreal_rts/RealTimeGame/Content/Developers/myself/Collections/' took 0.00s
[2019.12.28-23.45.37:314][  0]LogFileCache: Scanning file cache for directory 'D:/MiUsuario/Escritorio/EclipseStuff/tercero/SEV/- Propio/Unreal/1_unreal_rts/RealTimeGame/Content/Collections/' took 0.00s
[2019.12.28-23.45.37:314][  0]LogContentBrowser: Native class hierarchy populated in 0.0110 seconds. Added 3015 classes and 717 folders.
[2019.12.28-23.45.37:397][  0]LogContentBrowser: Native class hierarchy updated for 'WidgetCarousel' in 0.0003 seconds. Added 0 classes and 0 folders.
[2019.12.28-23.45.39:219][  0]LogContentBrowser: Native class hierarchy updated for 'AddContentDialog' in 0.0003 seconds. Added 0 classes and 0 folders.
[2019.12.28-23.45.39:237][  0]LogContentBrowser: Native class hierarchy updated for 'SceneOutliner' in 0.0003 seconds. Added 2 classes and 3 folders.
[2019.12.28-23.45.39:782][  0]LogSlate: Took 0.021333 seconds to synchronously load lazily loaded font '../../../Engine/Content/Slate/Fonts/Roboto-Regular.ttf' (155K)
[2019.12.28-23.45.39:805][  0]LogSlate: Took 0.021090 seconds to synchronously load lazily loaded font '../../../Engine/Content/Slate/Fonts/Roboto-Bold.ttf' (160K)
[2019.12.28-23.45.39:829][  0]LogSlate: Took 0.018033 seconds to synchronously load lazily loaded font '../../../Engine/Content/Editor/Slate/Fonts/FontAwesome.ttf' (139K)
[2019.12.28-23.45.40:191][  0]LogRenderer: Reallocating scene render targets to support 888x432 Format 10 NumSamples 1 (Frame:1).
[2019.12.28-23.45.40:555][  0]LogContentBrowser: Native class hierarchy updated for 'HierarchicalLODOutliner' in 0.0003 seconds. Added 0 classes and 0 folders.
[2019.12.28-23.45.40:555][  0]LogLoad: (Engine Initialization) Total time: 82.74 seconds
[2019.12.28-23.45.40:555][  0]LogLoad: (Engine Initialization) Total Blueprint compile time: 0.00 seconds
[2019.12.28-23.45.40:904][  0]LogContentStreaming: Texture pool size now 1000 MB
[2019.12.28-23.45.41:941][  7]LogSlate: Took 0.000820 seconds to synchronously load lazily loaded font '../../../Engine/Content/Slate/Fonts/Roboto-Light.ttf' (167K)
[2019.12.28-23.45.43:231][ 24]LogAssetRegistry: Asset discovery search completed in 48.7187 seconds
[2019.12.28-23.45.43:238][ 24]LogCollectionManager: Fixed up redirectors for 0 collections in 0.000011 seconds (updated 0 objects)
[2019.12.28-23.45.43:301][ 24]LogSlate: Took 0.000323 seconds to synchronously load lazily loaded font '../../../Engine/Content/Slate/Fonts/Roboto-Light.ttf' (167K)
[2019.12.28-23.45.46:229][ 33]LogFileCache: Retrieving MD5 hashes for directory 'D:/MiUsuario/Escritorio/EclipseStuff/tercero/SEV/- Propio/Unreal/1_unreal_rts/RealTimeGame/Content/' took 5.62s
[2019.12.28-23.47.58:741][515]LogAssetEditorSubsystem: Opening Asset editor for Blueprint /Game/Blueprints/Player.Player
[2019.12.28-23.47.59:278][515]LogContentBrowser: Native class hierarchy updated for 'BlueprintGraph' in 0.0006 seconds. Added 121 classes and 0 folders.
[2019.12.28-23.48.00:819][515]LogSlate: Took 0.011657 seconds to synchronously load lazily loaded font '../../../Engine/Content/Slate/Fonts/Roboto-BoldCondensed.ttf' (158K)
[2019.12.28-23.48.01:081][516]LogSlate: Took 0.000869 seconds to synchronously load lazily loaded font '../../../Engine/Content/Slate/Fonts/Roboto-Italic.ttf' (157K)
[2019.12.28-23.48.05:689][786]LogTemp: Repeating last play command: Selected Viewport
[2019.12.28-23.48.05:704][786]LogPlayLevel: PlayLevel: No blueprints needed recompiling
[2019.12.28-23.48.05:721][786]PIE: New page: PIE session: TestLevel (29 dic. 2019 1:48:05)
[2019.12.28-23.48.05:723][786]LogOnline: OSS: Creating online subsystem instance for: NULL
[2019.12.28-23.48.05:725][786]LogOnline: OSS: TryLoadSubsystemAndSetDefault: Loaded subsystem for module [NULL]
[2019.12.28-23.48.05:725][786]LogPlayLevel: Creating play world package: /Game/Levels/UEDPIE_0_TestLevel
[2019.12.28-23.48.05:727][786]LogPlayLevel: PIE: StaticDuplicateObject took: (0.002670s)
[2019.12.28-23.48.05:728][786]LogAIModule: Creating AISystem for world TestLevel
[2019.12.28-23.48.05:728][786]LogPlayLevel: PIE: World Init took: (0.001264s)
[2019.12.28-23.48.05:728][786]LogPlayLevel: PIE: Created PIE world by copying editor world from /Game/Levels/TestLevel.TestLevel to /Game/Levels/UEDPIE_0_TestLevel.TestLevel (0.004123s)
[2019.12.28-23.48.05:774][786]LogUObjectHash: Compacting FUObjectHashTables data took   3.32ms
[2019.12.28-23.48.05:777][786]LogAudioMixer: Display: Audio Mixer Platform Settings:
[2019.12.28-23.48.05:777][786]LogAudioMixer: Display: 	Sample Rate:						  48000
[2019.12.28-23.48.05:777][786]LogAudioMixer: Display: 	Callback Buffer Frame Size Requested: 1024
[2019.12.28-23.48.05:777][786]LogAudioMixer: Display: 	Callback Buffer Frame Size To Use:	  1024
[2019.12.28-23.48.05:777][786]LogAudioMixer: Display: 	Number of buffers to queue:			  2
[2019.12.28-23.48.05:778][786]LogAudioMixer: Display: 	Max Channels (voices):				  32
[2019.12.28-23.48.05:778][786]LogAudioMixer: Display: 	Number of Async Source Workers:		  0
[2019.12.28-23.48.05:778][786]LogAudio: Display: AudioDevice MaxSources: 32
[2019.12.28-23.48.05:778][786]LogAudio: Display: Using built-in audio occlusion.
[2019.12.28-23.48.05:778][786]LogAudioMixer: Display: Initializing audio mixer.
[2019.12.28-23.48.05:784][786]LogAudioMixer: Display: Audio Device Output Speaker Info:
[2019.12.28-23.48.05:784][786]LogAudioMixer: Display: Name: Altavoces (Realtek High Definition Audio)
[2019.12.28-23.48.05:784][786]LogAudioMixer: Display: Is Default: Yes
[2019.12.28-23.48.05:784][786]LogAudioMixer: Display: Sample Rate: 48000
[2019.12.28-23.48.05:784][786]LogAudioMixer: Display: Channel Count Used: 2
[2019.12.28-23.48.05:784][786]LogAudioMixer: Display: Device Channel Count: 2
[2019.12.28-23.48.05:784][786]LogAudioMixer: Display: Channel Order:
[2019.12.28-23.48.05:784][786]LogAudioMixer: Display: 0: FrontLeft
[2019.12.28-23.48.05:784][786]LogAudioMixer: Display: 1: FrontRight
[2019.12.28-23.48.05:803][786]LogAudioMixer: Display: Using Audio Device Altavoces (Realtek High Definition Audio)
[2019.12.28-23.48.05:804][786]LogInit: FAudioDevice initialized.
[2019.12.28-23.48.05:839][786]LogSlate: Updating window title bar state: overlay mode, drag disabled, window buttons hidden, title bar hidden
[2019.12.28-23.48.05:847][786]LogLoad: Game class is 'MyGameMode_C'
[2019.12.28-23.48.05:849][786]LogWorld: Bringing World /Game/Levels/UEDPIE_0_TestLevel.TestLevel up for play (max tick rate 60) at 2019.12.29-00.48.05
[2019.12.28-23.48.05:849][786]LogWorld: Bringing up level for play took: 0.000924
[2019.12.28-23.48.05:849][786]LogOnline: OSS: Creating online subsystem instance for: :Context_2
[2019.12.28-23.48.05:862][786]LogContentBrowser: Native class hierarchy updated for 'MovieSceneCapture' in 0.0013 seconds. Added 20 classes and 0 folders.
[2019.12.28-23.48.05:866][786]PIE: Play in editor start time for /Game/Levels/UEDPIE_0_TestLevel 0,012
[2019.12.28-23.48.05:938][787]LogRenderer: Reallocating scene render targets to support 1024x576 Format 10 NumSamples 1 (Frame:1).
[2019.12.28-23.48.08:331][907]LogOutputDevice: Warning: 

Script Stack (4 frames):
Player_C.ExecuteUbergraph_Player
Player_C.Move Up
Player_C.ExecuteUbergraph_Player
Player_C.InpAxisEvt_UP_K2Node_InputAxisEvent_3

[2019.12.28-23.48.08:354][907]LogStats: FPlatformStackWalk::StackWalkAndDump -  0.022 s
[2019.12.28-23.48.08:354][907]LogOutputDevice: Error: === Handled ensure: ===
[2019.12.28-23.48.08:354][907]LogOutputDevice: Error: 
[2019.12.28-23.48.08:354][907]LogOutputDevice: Error: Ensure condition failed: NewTransform.IsValid() [File:D:/Build/++UE4/Sync/Engine/Source/Runtime/Engine/Private/Components/SceneComponent.cpp] [Line: 623]
[2019.12.28-23.48.08:354][907]LogOutputDevice: Error: 
[2019.12.28-23.48.08:354][907]LogOutputDevice: Error: Stack: 
[2019.12.28-23.48.08:354][907]LogOutputDevice: Error: [Callstack] 0x00007ffc11ed26a9 UE4Editor-Engine.dll!UnknownFunction []
[2019.12.28-23.48.08:354][907]LogOutputDevice: Error: [Callstack] 0x00007ffc10b38467 UE4Editor-Engine.dll!UnknownFunction []
[2019.12.28-23.48.08:354][907]LogOutputDevice: Error: [Callstack] 0x00007ffc10b1b786 UE4Editor-Engine.dll!UnknownFunction []
[2019.12.28-23.48.08:354][907]LogOutputDevice: Error: [Callstack] 0x00007ffc10b1d947 UE4Editor-Engine.dll!UnknownFunction []
[2019.12.28-23.48.08:354][907]LogOutputDevice: Error: [Callstack] 0x00007ffc10b2cacd UE4Editor-Engine.dll!UnknownFunction []
[2019.12.28-23.48.08:354][907]LogOutputDevice: Error: [Callstack] 0x00007ffc10b2fda3 UE4Editor-Engine.dll!UnknownFunction []
[2019.12.28-23.48.08:354][907]LogOutputDevice: Error: [Callstack] 0x00007ffc10aff844 UE4Editor-Engine.dll!UnknownFunction []
[2019.12.28-23.48.08:354][907]LogOutputDevice: Error: [Callstack] 0x00007ffc1065c18f UE4Editor-Engine.dll!UnknownFunction []
[2019.12.28-23.48.08:354][907]LogOutputDevice: Error: [Callstack] 0x00007ffc10690555 UE4Editor-Engine.dll!UnknownFunction []
[2019.12.28-23.48.08:354][907]LogOutputDevice: Error: [Callstack] 0x00007ffc1060438c UE4Editor-Engine.dll!UnknownFunction []
[2019.12.28-23.48.08:354][907]LogOutputDevice: Error: [Callstack] 0x00007ffc20c942e8 UE4Editor-CoreUObject.dll!UnknownFunction []
[2019.12.28-23.48.08:354][907]LogOutputDevice: Error: [Callstack] 0x00007ffc20eba72f UE4Editor-CoreUObject.dll!UnknownFunction []
[2019.12.28-23.48.08:354][907]LogOutputDevice: Error: [Callstack] 0x00007ffc20ee0d02 UE4Editor-CoreUObject.dll!UnknownFunction []
[2019.12.28-23.48.08:354][907]LogOutputDevice: Error: [Callstack] 0x00007ffc20eaeebb UE4Editor-CoreUObject.dll!UnknownFunction []
[2019.12.28-23.48.08:354][907]LogOutputDevice: Error: [Callstack] 0x00007ffc20ee0a1f UE4Editor-CoreUObject.dll!UnknownFunction []
[2019.12.28-23.48.08:354][907]LogOutputDevice: Error: [Callstack] 0x00007ffc20ee0d02 UE4Editor-CoreUObject.dll!UnknownFunction []
[2019.12.28-23.48.08:354][907]LogOutputDevice: Error: [Callstack] 0x00007ffc20eaeebb UE4Editor-CoreUObject.dll!UnknownFunction []
[2019.12.28-23.48.08:354][907]LogOutputDevice: Error: [Callstack] 0x00007ffc20ee0a1f UE4Editor-CoreUObject.dll!UnknownFunction []
[2019.12.28-23.48.08:354][907]LogOutputDevice: Error: [Callstack] 0x00007ffc20ee0d02 UE4Editor-CoreUObject.dll!UnknownFunction []
[2019.12.28-23.48.08:354][907]LogOutputDevice: Error: [Callstack] 0x00007ffc20eaeebb UE4Editor-CoreUObject.dll!UnknownFunction []
[2019.12.28-23.48.08:354][907]LogOutputDevice: Error: [Callstack] 0x00007ffc20ee0a1f UE4Editor-CoreUObject.dll!UnknownFunction []
[2019.12.28-23.48.08:354][907]LogOutputDevice: Error: [Callstack] 0x00007ffc20ee0d02 UE4Editor-CoreUObject.dll!UnknownFunction []
[2019.12.28-23.48.08:354][907]LogOutputDevice: Error: [Callstack] 0x00007ffc20ee0674 UE4Editor-CoreUObject.dll!UnknownFunction []
[2019.12.28-23.48.08:354][907]LogOutputDevice: Error: [Callstack] 0x00007ffc20c942e8 UE4Editor-CoreUObject.dll!UnknownFunction []
[2019.12.28-23.48.08:354][907]LogOutputDevice: Error: [Callstack] 0x00007ffc20ee0178 UE4Editor-CoreUObject.dll!UnknownFunction []
[2019.12.28-23.48.08:354][907]LogOutputDevice: Error: [Callstack] 0x00007ffc10698128 UE4Editor-Engine.dll!UnknownFunction []
[2019.12.28-23.48.08:354][907]LogOutputDevice: Error: [Callstack] 0x00007ffc118dd3d6 UE4Editor-Engine.dll!UnknownFunction []
[2019.12.28-23.48.08:354][907]LogOutputDevice: Error: [Callstack] 0x00007ffc113bfd93 UE4Editor-Engine.dll!UnknownFunction []
[2019.12.28-23.48.08:354][907]LogOutputDevice: Error: [Callstack] 0x00007ffc113d1b8d UE4Editor-Engine.dll!UnknownFunction []
[2019.12.28-23.48.08:354][907]LogOutputDevice: Error: [Callstack] 0x00007ffc113bdd1b UE4Editor-Engine.dll!UnknownFunction []
[2019.12.28-23.48.08:354][907]LogOutputDevice: Error: [Callstack] 0x00007ffc113cffb7 UE4Editor-Engine.dll!UnknownFunction []
[2019.12.28-23.48.08:354][907]LogOutputDevice: Error: [Callstack] 0x00007ffc10677896 UE4Editor-Engine.dll!UnknownFunction []
[2019.12.28-23.48.08:354][907]LogOutputDevice: Error: [Callstack] 0x00007ffc117b6123 UE4Editor-Engine.dll!UnknownFunction []
[2019.12.28-23.48.08:354][907]LogOutputDevice: Error: [Callstack] 0x00007ffc117c4116 UE4Editor-Engine.dll!UnknownFunction []
[2019.12.28-23.48.08:354][907]LogOutputDevice: Error: [Callstack] 0x00007ffc13439ff2 UE4Editor-Core.dll!UnknownFunction []
[2019.12.28-23.48.08:354][907]LogOutputDevice: Error: [Callstack] 0x00007ffc1343a393 UE4Editor-Core.dll!UnknownFunction []
[2019.12.28-23.48.08:354][907]LogOutputDevice: Error: [Callstack] 0x00007ffc1344aa68 UE4Editor-Core.dll!UnknownFunction []
[2019.12.28-23.48.08:354][907]LogOutputDevice: Error: [Callstack] 0x00007ffc117e2860 UE4Editor-Engine.dll!UnknownFunction []
[2019.12.28-23.48.08:354][907]LogOutputDevice: Error: [Callstack] 0x00007ffc117e84f2 UE4Editor-Engine.dll!UnknownFunction []
[2019.12.28-23.48.08:354][907]LogOutputDevice: Error: [Callstack] 0x00007ffc10f69f3f UE4Editor-Engine.dll!UnknownFunction []
[2019.12.28-23.48.08:354][907]LogOutputDevice: Error: [Callstack] 0x00007ffc10f74e07 UE4Editor-Engine.dll!UnknownFunction []
[2019.12.28-23.48.08:354][907]LogOutputDevice: Error: [Callstack] 0x00007ffc0e74adb0 UE4Editor-UnrealEd.dll!UnknownFunction []
[2019.12.28-23.48.08:354][907]LogOutputDevice: Error: [Callstack] 0x00007ffc0efadd66 UE4Editor-UnrealEd.dll!UnknownFunction []
[2019.12.28-23.48.08:354][907]LogOutputDevice: Error: [Callstack] 0x00007ff645897f62 UE4Editor.exe!UnknownFunction []
[2019.12.28-23.48.08:354][907]LogOutputDevice: Error: [Callstack] 0x00007ff6458ac3ec UE4Editor.exe!UnknownFunction []
[2019.12.28-23.48.08:354][907]LogOutputDevice: Error: [Callstack] 0x00007ff6458ac4ca UE4Editor.exe!UnknownFunction []
[2019.12.28-23.48.08:354][907]LogOutputDevice: Error: [Callstack] 0x00007ff6458bceae UE4Editor.exe!UnknownFunction []
[2019.12.28-23.48.08:354][907]LogOutputDevice: Error: [Callstack] 0x00007ff6458bfcbe UE4Editor.exe!UnknownFunction []
[2019.12.28-23.48.08:354][907]LogOutputDevice: Error: [Callstack] 0x00007ffc5edc7bd4 KERNEL32.DLL!UnknownFunction []
[2019.12.28-23.48.08:354][907]LogOutputDevice: Error: [Callstack] 0x00007ffc5f0aced1 ntdll.dll!UnknownFunction []
[2019.12.28-23.48.08:354][907]LogOutputDevice: Error: 
[2019.12.28-23.48.08:365][907]LogStats:                SubmitErrorReport -  0.000 s
[2019.12.28-23.48.09:654][907]LogStats:                    SendNewReport -  1.289 s
[2019.12.28-23.48.09:654][907]LogStats:             FDebug::EnsureFailed -  1.323 s
[2019.12.28-23.48.09:655][907]LogOutputDevice: Warning: 

Script Stack (0 frames):

[2019.12.28-23.48.09:656][907]LogStats: FPlatformStackWalk::StackWalkAndDump -  0.001 s
[2019.12.28-23.48.09:656][907]LogOutputDevice: Error: === Handled ensure: ===
[2019.12.28-23.48.09:656][907]LogOutputDevice: Error: 
[2019.12.28-23.48.09:656][907]LogOutputDevice: Error: Ensure condition failed: ListenerTransformCopy.IsValid() [File:D:/Build/++UE4/Sync/Engine/Source/Runtime/Engine/Private/AudioDevice.cpp] [Line: 2883]
[2019.12.28-23.48.09:656][907]LogOutputDevice: Error: Invalid listener transform provided to AudioDevice
[2019.12.28-23.48.09:656][907]LogOutputDevice: Error: Stack: 
[2019.12.28-23.48.09:656][907]LogOutputDevice: Error: [Callstack] 0x00007ffc11eb5219 UE4Editor-Engine.dll!UnknownFunction []
[2019.12.28-23.48.09:656][907]LogOutputDevice: Error: [Callstack] 0x00007ffc10929029 UE4Editor-Engine.dll!UnknownFunction []
[2019.12.28-23.48.09:656][907]LogOutputDevice: Error: [Callstack] 0x00007ffc10d6e4e2 UE4Editor-Engine.dll!UnknownFunction []
[2019.12.28-23.48.09:656][907]LogOutputDevice: Error: [Callstack] 0x00007ffc117b6f46 UE4Editor-Engine.dll!UnknownFunction []
[2019.12.28-23.48.09:656][907]LogOutputDevice: Error: [Callstack] 0x00007ffc0e74b661 UE4Editor-UnrealEd.dll!UnknownFunction []
[2019.12.28-23.48.09:656][907]LogOutputDevice: Error: [Callstack] 0x00007ffc0efadd66 UE4Editor-UnrealEd.dll!UnknownFunction []
[2019.12.28-23.48.09:656][907]LogOutputDevice: Error: [Callstack] 0x00007ff645897f62 UE4Editor.exe!UnknownFunction []
[2019.12.28-23.48.09:656][907]LogOutputDevice: Error: [Callstack] 0x00007ff6458ac3ec UE4Editor.exe!UnknownFunction []
[2019.12.28-23.48.09:656][907]LogOutputDevice: Error: [Callstack] 0x00007ff6458ac4ca UE4Editor.exe!UnknownFunction []
[2019.12.28-23.48.09:656][907]LogOutputDevice: Error: [Callstack] 0x00007ff6458bceae UE4Editor.exe!UnknownFunction []
[2019.12.28-23.48.09:656][907]LogOutputDevice: Error: [Callstack] 0x00007ff6458bfcbe UE4Editor.exe!UnknownFunction []
[2019.12.28-23.48.09:656][907]LogOutputDevice: Error: [Callstack] 0x00007ffc5edc7bd4 KERNEL32.DLL!UnknownFunction []
[2019.12.28-23.48.09:656][907]LogOutputDevice: Error: [Callstack] 0x00007ffc5f0aced1 ntdll.dll!UnknownFunction []
[2019.12.28-23.48.09:656][907]LogOutputDevice: Error: 
[2019.12.28-23.48.09:704][907]LogStats:                SubmitErrorReport -  0.000 s
